<?xml version="1.0" encoding="UTF-8"?>
<testsuite xmlns:xsi="http://www.w3.org/2001/XMLSchema-instance" xsi:noNamespaceSchemaLocation="https://maven.apache.org/surefire/maven-surefire-plugin/xsd/surefire-test-report.xsd" name="uk.ac.ed.inf.LngLatTests" time="0" tests="9" errors="0" skipped="0" failures="0">
  <properties>
[...]
</properties>
  <testcase name="testIsInRegion" classname="uk.ac.ed.inf.LngLatTests" time="0"/>
  <testcase name="testIsInRegionWithPointOutside1" classname="uk.ac.ed.inf.LngLatTests" time="0"/>
  <testcase name="testIsInRegionWithPointOutside2" classname="uk.ac.ed.inf.LngLatTests" time="0"/>
  <testcase name="testIsInRegionWithPointOnEdge1" classname="uk.ac.ed.inf.LngLatTests" time="0"/>
  <testcase name="testIsInRegionWithPointOnEdge2" classname="uk.ac.ed.inf.LngLatTests" time="0"/>
  <testcase name="testIsInRegionWithPointAsVertex1" classname="uk.ac.ed.inf.LngLatTests" time="0"/>
  <testcase name="testIsInRegionWithPointAsVertex2" classname="uk.ac.ed.inf.LngLatTests" time="0"/>
  <testcase name="testIsInRegionWithPointInside1" classname="uk.ac.ed.inf.LngLatTests" time="0"/>
  <testcase name="testIsInRegionWithPointInside2" classname="uk.ac.ed.inf.LngLatTests" time="0"/>
</testsuite>